--------------------------------------------------------------------------------
Release 14.5 Trace  (nt64)
Copyright (c) 1995-2012 Xilinx, Inc.  All rights reserved.

C:\Users\nadaa\Desktop\Programs\Xilinx\14.5\ISE_DS\ISE\bin\nt64\unwrapped\trce.exe
-intstyle ise -v 3 -s 2I -n 3 -fastpaths -xml MainModule.twx MainModule.ncd -o
MainModule.twr MainModule.pcf

Design file:              MainModule.ncd
Physical constraint file: MainModule.pcf
Device,package,speed:     xa7a100t,csg324,I,-2I (PRELIMINARY 1.05 2013-03-26)
Report level:             verbose report

Environment Variable      Effect 
--------------------      ------ 
NONE                      No environment variables were set
--------------------------------------------------------------------------------

INFO:Timing:2698 - No timing constraints found, doing default enumeration.
INFO:Timing:3412 - To improve timing, see the Timing Closure User Guide (UG612).
INFO:Timing:2752 - To get complete path coverage, use the unconstrained paths 
   option. All paths that are not constrained will be reported in the 
   unconstrained paths section(s) of the report.
INFO:Timing:3339 - The clock-to-out numbers in this timing report are based on 
   a 50 Ohm transmission line loading model.  For the details of this model, 
   and for more information on accounting for different loading conditions, 
   please see the device datasheet.



Data Sheet report:
-----------------
All values displayed in nanoseconds (ns)

Setup/Hold to clock CLK
------------+------------+------------+------------+------------+------------------+--------+
            |Max Setup to|  Process   |Max Hold to |  Process   |                  | Clock  |
Source      | clk (edge) |   Corner   | clk (edge) |   Corner   |Internal Clock(s) | Phase  |
------------+------------+------------+------------+------------+------------------+--------+
START       |    0.847(R)|      FAST  |    1.429(R)|      SLOW  |CLK_BUFGP         |   0.000|
            |    1.185(F)|      SLOW  |    0.885(F)|      SLOW  |CLK_BUFGP         |   0.000|
------------+------------+------------+------------+------------+------------------+--------+

Clock CLK to Pad
---------------+-----------------+------------+-----------------+------------+------------------+--------+
               |Max (slowest) clk|  Process   |Min (fastest) clk|  Process   |                  | Clock  |
Destination    |  (edge) to PAD  |   Corner   |  (edge) to PAD  |   Corner   |Internal Clock(s) | Phase  |
---------------+-----------------+------------+-----------------+------------+------------------+--------+
ALUOut<0>      |        17.386(R)|      SLOW  |         4.288(R)|      FAST  |CLK_BUFGP         |   0.000|
               |        16.475(F)|      SLOW  |         4.076(F)|      FAST  |CLK_BUFGP         |   0.000|
ALUOut<1>      |        12.292(R)|      SLOW  |         4.337(R)|      FAST  |CLK_BUFGP         |   0.000|
               |        11.452(F)|      SLOW  |         4.373(F)|      FAST  |CLK_BUFGP         |   0.000|
ALUOut<2>      |        12.956(R)|      SLOW  |         4.391(R)|      FAST  |CLK_BUFGP         |   0.000|
               |        12.045(F)|      SLOW  |         4.426(F)|      FAST  |CLK_BUFGP         |   0.000|
ALUOut<3>      |        12.961(R)|      SLOW  |         4.391(R)|      FAST  |CLK_BUFGP         |   0.000|
               |        12.050(F)|      SLOW  |         4.383(F)|      FAST  |CLK_BUFGP         |   0.000|
ALUOut<4>      |        13.122(R)|      SLOW  |         4.321(R)|      FAST  |CLK_BUFGP         |   0.000|
               |        12.211(F)|      SLOW  |         4.515(F)|      FAST  |CLK_BUFGP         |   0.000|
ALUOut<5>      |        13.320(R)|      SLOW  |         4.100(R)|      FAST  |CLK_BUFGP         |   0.000|
               |        12.409(F)|      SLOW  |         4.285(F)|      FAST  |CLK_BUFGP         |   0.000|
ALUOut<6>      |        13.070(R)|      SLOW  |         3.968(R)|      FAST  |CLK_BUFGP         |   0.000|
               |        12.159(F)|      SLOW  |         4.100(F)|      FAST  |CLK_BUFGP         |   0.000|
ALUOut<7>      |        13.873(R)|      SLOW  |         3.969(R)|      FAST  |CLK_BUFGP         |   0.000|
               |        12.962(F)|      SLOW  |         4.097(F)|      FAST  |CLK_BUFGP         |   0.000|
ALUOut<8>      |        13.274(R)|      SLOW  |         3.898(R)|      FAST  |CLK_BUFGP         |   0.000|
               |        12.363(F)|      SLOW  |         4.172(F)|      FAST  |CLK_BUFGP         |   0.000|
ALUOut<9>      |        14.235(R)|      SLOW  |         4.472(R)|      FAST  |CLK_BUFGP         |   0.000|
               |        13.324(F)|      SLOW  |         4.396(F)|      FAST  |CLK_BUFGP         |   0.000|
ALUOut<10>     |        13.794(R)|      SLOW  |         4.322(R)|      FAST  |CLK_BUFGP         |   0.000|
               |        12.883(F)|      SLOW  |         4.481(F)|      FAST  |CLK_BUFGP         |   0.000|
ALUOut<11>     |        14.613(R)|      SLOW  |         4.367(R)|      FAST  |CLK_BUFGP         |   0.000|
               |        13.702(F)|      SLOW  |         4.196(F)|      FAST  |CLK_BUFGP         |   0.000|
ALUOut<12>     |        14.434(R)|      SLOW  |         4.351(R)|      FAST  |CLK_BUFGP         |   0.000|
               |        13.523(F)|      SLOW  |         4.542(F)|      FAST  |CLK_BUFGP         |   0.000|
ALUOut<13>     |        14.858(R)|      SLOW  |         4.398(R)|      FAST  |CLK_BUFGP         |   0.000|
               |        13.947(F)|      SLOW  |         4.253(F)|      FAST  |CLK_BUFGP         |   0.000|
ALUOut<14>     |        14.743(R)|      SLOW  |         4.329(R)|      FAST  |CLK_BUFGP         |   0.000|
               |        13.832(F)|      SLOW  |         4.451(F)|      FAST  |CLK_BUFGP         |   0.000|
ALUOut<15>     |        14.877(R)|      SLOW  |         4.431(R)|      FAST  |CLK_BUFGP         |   0.000|
               |        13.966(F)|      SLOW  |         4.334(F)|      FAST  |CLK_BUFGP         |   0.000|
ALUOut<16>     |        14.946(R)|      SLOW  |         4.404(R)|      FAST  |CLK_BUFGP         |   0.000|
               |        14.035(F)|      SLOW  |         4.619(F)|      FAST  |CLK_BUFGP         |   0.000|
ALUOut<17>     |        15.528(R)|      SLOW  |         4.184(R)|      FAST  |CLK_BUFGP         |   0.000|
               |        14.617(F)|      SLOW  |         4.359(F)|      FAST  |CLK_BUFGP         |   0.000|
ALUOut<18>     |        15.404(R)|      SLOW  |         4.406(R)|      FAST  |CLK_BUFGP         |   0.000|
               |        14.493(F)|      SLOW  |         4.685(F)|      FAST  |CLK_BUFGP         |   0.000|
ALUOut<19>     |        16.056(R)|      SLOW  |         4.400(R)|      FAST  |CLK_BUFGP         |   0.000|
               |        15.145(F)|      SLOW  |         4.420(F)|      FAST  |CLK_BUFGP         |   0.000|
ALUOut<20>     |        15.555(R)|      SLOW  |         4.303(R)|      FAST  |CLK_BUFGP         |   0.000|
               |        14.644(F)|      SLOW  |         4.608(F)|      FAST  |CLK_BUFGP         |   0.000|
ALUOut<21>     |        16.552(R)|      SLOW  |         4.370(R)|      FAST  |CLK_BUFGP         |   0.000|
               |        15.641(F)|      SLOW  |         4.534(F)|      FAST  |CLK_BUFGP         |   0.000|
ALUOut<22>     |        16.147(R)|      SLOW  |         4.190(R)|      FAST  |CLK_BUFGP         |   0.000|
               |        15.236(F)|      SLOW  |         4.571(F)|      FAST  |CLK_BUFGP         |   0.000|
ALUOut<23>     |        16.808(R)|      SLOW  |         4.590(R)|      FAST  |CLK_BUFGP         |   0.000|
               |        15.897(F)|      SLOW  |         4.791(F)|      FAST  |CLK_BUFGP         |   0.000|
ALUOut<24>     |        16.782(R)|      SLOW  |         4.487(R)|      FAST  |CLK_BUFGP         |   0.000|
               |        15.871(F)|      SLOW  |         4.412(F)|      FAST  |CLK_BUFGP         |   0.000|
ALUOut<25>     |        17.283(R)|      SLOW  |         4.586(R)|      FAST  |CLK_BUFGP         |   0.000|
               |        16.372(F)|      SLOW  |         4.501(F)|      FAST  |CLK_BUFGP         |   0.000|
ALUOut<26>     |        17.763(R)|      SLOW  |         4.582(R)|      FAST  |CLK_BUFGP         |   0.000|
               |        16.852(F)|      SLOW  |         4.818(F)|      FAST  |CLK_BUFGP         |   0.000|
ALUOut<27>     |        17.531(R)|      SLOW  |         4.653(R)|      FAST  |CLK_BUFGP         |   0.000|
               |        16.620(F)|      SLOW  |         4.641(F)|      FAST  |CLK_BUFGP         |   0.000|
ALUOut<28>     |        18.015(R)|      SLOW  |         4.622(R)|      FAST  |CLK_BUFGP         |   0.000|
               |        17.104(F)|      SLOW  |         4.708(F)|      FAST  |CLK_BUFGP         |   0.000|
ALUOut<29>     |        18.393(R)|      SLOW  |         4.683(R)|      FAST  |CLK_BUFGP         |   0.000|
               |        17.482(F)|      SLOW  |         4.727(F)|      FAST  |CLK_BUFGP         |   0.000|
ALUOut<30>     |        18.901(R)|      SLOW  |         4.988(R)|      FAST  |CLK_BUFGP         |   0.000|
               |        17.990(F)|      SLOW  |         4.954(F)|      FAST  |CLK_BUFGP         |   0.000|
ALUOut<31>     |        17.637(R)|      SLOW  |         4.467(R)|      FAST  |CLK_BUFGP         |   0.000|
               |        16.726(F)|      SLOW  |         4.089(F)|      FAST  |CLK_BUFGP         |   0.000|
RegFileOut1<0> |        10.851(R)|      SLOW  |         3.975(R)|      FAST  |CLK_BUFGP         |   0.000|
               |         9.821(F)|      SLOW  |         3.863(F)|      FAST  |CLK_BUFGP         |   0.000|
RegFileOut1<1> |        10.403(R)|      SLOW  |         4.155(R)|      FAST  |CLK_BUFGP         |   0.000|
               |        10.032(F)|      SLOW  |         3.966(F)|      FAST  |CLK_BUFGP         |   0.000|
RegFileOut1<2> |        10.848(R)|      SLOW  |         3.959(R)|      FAST  |CLK_BUFGP         |   0.000|
               |         9.869(F)|      SLOW  |         3.879(F)|      FAST  |CLK_BUFGP         |   0.000|
RegFileOut1<3> |        10.330(R)|      SLOW  |         3.862(R)|      FAST  |CLK_BUFGP         |   0.000|
               |         9.909(F)|      SLOW  |         3.889(F)|      FAST  |CLK_BUFGP         |   0.000|
RegFileOut1<4> |        10.303(R)|      SLOW  |         3.896(R)|      FAST  |CLK_BUFGP         |   0.000|
               |        10.227(F)|      SLOW  |         4.100(F)|      FAST  |CLK_BUFGP         |   0.000|
RegFileOut1<5> |        10.837(R)|      SLOW  |         4.171(R)|      FAST  |CLK_BUFGP         |   0.000|
               |        10.254(F)|      SLOW  |         4.127(F)|      FAST  |CLK_BUFGP         |   0.000|
RegFileOut1<6> |        10.535(R)|      SLOW  |         3.896(R)|      FAST  |CLK_BUFGP         |   0.000|
               |        10.033(F)|      SLOW  |         4.026(F)|      FAST  |CLK_BUFGP         |   0.000|
RegFileOut1<7> |        10.640(R)|      SLOW  |         3.972(R)|      FAST  |CLK_BUFGP         |   0.000|
               |        10.184(F)|      SLOW  |         4.098(F)|      FAST  |CLK_BUFGP         |   0.000|
RegFileOut1<8> |        10.621(R)|      SLOW  |         3.920(R)|      FAST  |CLK_BUFGP         |   0.000|
               |        10.245(F)|      SLOW  |         4.133(F)|      FAST  |CLK_BUFGP         |   0.000|
RegFileOut1<9> |        10.512(R)|      SLOW  |         4.076(R)|      FAST  |CLK_BUFGP         |   0.000|
               |        10.235(F)|      SLOW  |         4.064(F)|      FAST  |CLK_BUFGP         |   0.000|
RegFileOut1<10>|        10.319(R)|      SLOW  |         3.914(R)|      FAST  |CLK_BUFGP         |   0.000|
               |        10.187(F)|      SLOW  |         4.071(F)|      FAST  |CLK_BUFGP         |   0.000|
RegFileOut1<11>|        10.727(R)|      SLOW  |         3.910(R)|      FAST  |CLK_BUFGP         |   0.000|
               |        10.360(F)|      SLOW  |         4.152(F)|      FAST  |CLK_BUFGP         |   0.000|
RegFileOut1<12>|        10.133(R)|      SLOW  |         3.866(R)|      FAST  |CLK_BUFGP         |   0.000|
               |        10.308(F)|      SLOW  |         4.117(F)|      FAST  |CLK_BUFGP         |   0.000|
RegFileOut1<13>|        10.602(R)|      SLOW  |         4.086(R)|      FAST  |CLK_BUFGP         |   0.000|
               |        10.345(F)|      SLOW  |         4.111(F)|      FAST  |CLK_BUFGP         |   0.000|
RegFileOut1<14>|        10.068(R)|      SLOW  |         3.982(R)|      FAST  |CLK_BUFGP         |   0.000|
               |        10.335(F)|      SLOW  |         4.175(F)|      FAST  |CLK_BUFGP         |   0.000|
RegFileOut1<15>|        10.501(R)|      SLOW  |         4.042(R)|      FAST  |CLK_BUFGP         |   0.000|
               |        10.529(F)|      SLOW  |         4.261(F)|      FAST  |CLK_BUFGP         |   0.000|
RegFileOut1<16>|        10.188(R)|      SLOW  |         3.854(R)|      FAST  |CLK_BUFGP         |   0.000|
               |        10.148(F)|      SLOW  |         4.057(F)|      FAST  |CLK_BUFGP         |   0.000|
RegFileOut1<17>|        10.766(R)|      SLOW  |         3.948(R)|      FAST  |CLK_BUFGP         |   0.000|
               |        10.591(F)|      SLOW  |         4.213(F)|      FAST  |CLK_BUFGP         |   0.000|
RegFileOut1<18>|        10.200(R)|      SLOW  |         3.875(R)|      FAST  |CLK_BUFGP         |   0.000|
               |        10.221(F)|      SLOW  |         4.152(F)|      FAST  |CLK_BUFGP         |   0.000|
RegFileOut1<19>|        10.130(R)|      SLOW  |         4.011(R)|      FAST  |CLK_BUFGP         |   0.000|
               |        10.143(F)|      SLOW  |         4.152(F)|      FAST  |CLK_BUFGP         |   0.000|
RegFileOut1<20>|        10.161(R)|      SLOW  |         3.899(R)|      FAST  |CLK_BUFGP         |   0.000|
               |        10.353(F)|      SLOW  |         4.231(F)|      FAST  |CLK_BUFGP         |   0.000|
RegFileOut1<21>|        10.603(R)|      SLOW  |         4.071(R)|      FAST  |CLK_BUFGP         |   0.000|
               |        10.807(F)|      SLOW  |         4.422(F)|      FAST  |CLK_BUFGP         |   0.000|
RegFileOut1<22>|         9.988(R)|      SLOW  |         3.779(R)|      FAST  |CLK_BUFGP         |   0.000|
               |        10.129(F)|      SLOW  |         4.114(F)|      FAST  |CLK_BUFGP         |   0.000|
RegFileOut1<23>|        10.169(R)|      SLOW  |         4.009(R)|      FAST  |CLK_BUFGP         |   0.000|
               |        10.359(F)|      SLOW  |         4.256(F)|      FAST  |CLK_BUFGP         |   0.000|
RegFileOut1<24>|        11.137(R)|      SLOW  |         4.385(R)|      FAST  |CLK_BUFGP         |   0.000|
               |        11.097(F)|      SLOW  |         4.614(F)|      FAST  |CLK_BUFGP         |   0.000|
RegFileOut1<25>|        10.681(R)|      SLOW  |         4.320(R)|      FAST  |CLK_BUFGP         |   0.000|
               |        11.048(F)|      SLOW  |         4.556(F)|      FAST  |CLK_BUFGP         |   0.000|
RegFileOut1<26>|        11.086(R)|      SLOW  |         4.397(R)|      FAST  |CLK_BUFGP         |   0.000|
               |        10.850(F)|      SLOW  |         4.437(F)|      FAST  |CLK_BUFGP         |   0.000|
RegFileOut1<27>|        10.828(R)|      SLOW  |         4.176(R)|      FAST  |CLK_BUFGP         |   0.000|
               |        10.792(F)|      SLOW  |         4.438(F)|      FAST  |CLK_BUFGP         |   0.000|
RegFileOut1<28>|        11.024(R)|      SLOW  |         4.024(R)|      FAST  |CLK_BUFGP         |   0.000|
               |        10.333(F)|      SLOW  |         4.106(F)|      FAST  |CLK_BUFGP         |   0.000|
RegFileOut1<29>|        10.703(R)|      SLOW  |         4.178(R)|      FAST  |CLK_BUFGP         |   0.000|
               |        10.408(F)|      SLOW  |         4.177(F)|      FAST  |CLK_BUFGP         |   0.000|
RegFileOut1<30>|        10.965(R)|      SLOW  |         4.350(R)|      FAST  |CLK_BUFGP         |   0.000|
               |        10.294(F)|      SLOW  |         4.174(F)|      FAST  |CLK_BUFGP         |   0.000|
RegFileOut1<31>|        10.475(R)|      SLOW  |         4.097(R)|      FAST  |CLK_BUFGP         |   0.000|
               |        10.387(F)|      SLOW  |         4.189(F)|      FAST  |CLK_BUFGP         |   0.000|
RegFileOut2<0> |        11.023(R)|      SLOW  |         4.102(R)|      FAST  |CLK_BUFGP         |   0.000|
               |        10.275(F)|      SLOW  |         3.849(F)|      FAST  |CLK_BUFGP         |   0.000|
RegFileOut2<1> |        10.631(R)|      SLOW  |         3.922(R)|      FAST  |CLK_BUFGP         |   0.000|
               |         9.424(F)|      SLOW  |         3.684(F)|      FAST  |CLK_BUFGP         |   0.000|
RegFileOut2<2> |        10.465(R)|      SLOW  |         4.065(R)|      FAST  |CLK_BUFGP         |   0.000|
               |        10.681(F)|      SLOW  |         4.274(F)|      FAST  |CLK_BUFGP         |   0.000|
RegFileOut2<3> |        10.321(R)|      SLOW  |         3.856(R)|      FAST  |CLK_BUFGP         |   0.000|
               |        10.530(F)|      SLOW  |         4.197(F)|      FAST  |CLK_BUFGP         |   0.000|
RegFileOut2<4> |        10.615(R)|      SLOW  |         3.982(R)|      FAST  |CLK_BUFGP         |   0.000|
               |        10.788(F)|      SLOW  |         4.381(F)|      FAST  |CLK_BUFGP         |   0.000|
RegFileOut2<5> |        10.792(R)|      SLOW  |         4.006(R)|      FAST  |CLK_BUFGP         |   0.000|
               |        10.702(F)|      SLOW  |         4.365(F)|      FAST  |CLK_BUFGP         |   0.000|
RegFileOut2<6> |        10.621(R)|      SLOW  |         4.128(R)|      FAST  |CLK_BUFGP         |   0.000|
               |        10.423(F)|      SLOW  |         4.129(F)|      FAST  |CLK_BUFGP         |   0.000|
RegFileOut2<7> |        10.489(R)|      SLOW  |         3.848(R)|      FAST  |CLK_BUFGP         |   0.000|
               |        10.231(F)|      SLOW  |         4.117(F)|      FAST  |CLK_BUFGP         |   0.000|
RegFileOut2<8> |        10.552(R)|      SLOW  |         3.917(R)|      FAST  |CLK_BUFGP         |   0.000|
               |        10.509(F)|      SLOW  |         4.194(F)|      FAST  |CLK_BUFGP         |   0.000|
RegFileOut2<9> |        10.691(R)|      SLOW  |         4.077(R)|      FAST  |CLK_BUFGP         |   0.000|
               |        10.756(F)|      SLOW  |         4.330(F)|      FAST  |CLK_BUFGP         |   0.000|
RegFileOut2<10>|        10.594(R)|      SLOW  |         3.928(R)|      FAST  |CLK_BUFGP         |   0.000|
               |        10.152(F)|      SLOW  |         3.985(F)|      FAST  |CLK_BUFGP         |   0.000|
RegFileOut2<11>|        10.624(R)|      SLOW  |         3.969(R)|      FAST  |CLK_BUFGP         |   0.000|
               |        10.434(F)|      SLOW  |         4.194(F)|      FAST  |CLK_BUFGP         |   0.000|
RegFileOut2<12>|        10.743(R)|      SLOW  |         4.260(R)|      FAST  |CLK_BUFGP         |   0.000|
               |        11.203(F)|      SLOW  |         4.650(F)|      FAST  |CLK_BUFGP         |   0.000|
RegFileOut2<13>|        10.734(R)|      SLOW  |         4.099(R)|      FAST  |CLK_BUFGP         |   0.000|
               |        10.868(F)|      SLOW  |         4.337(F)|      FAST  |CLK_BUFGP         |   0.000|
RegFileOut2<14>|        11.094(R)|      SLOW  |         4.287(R)|      FAST  |CLK_BUFGP         |   0.000|
               |        10.851(F)|      SLOW  |         4.345(F)|      FAST  |CLK_BUFGP         |   0.000|
RegFileOut2<15>|        11.289(R)|      SLOW  |         4.313(R)|      FAST  |CLK_BUFGP         |   0.000|
               |        11.294(F)|      SLOW  |         4.392(F)|      FAST  |CLK_BUFGP         |   0.000|
RegFileOut2<16>|        10.888(R)|      SLOW  |         4.048(R)|      FAST  |CLK_BUFGP         |   0.000|
               |        10.786(F)|      SLOW  |         4.338(F)|      FAST  |CLK_BUFGP         |   0.000|
RegFileOut2<17>|        10.123(R)|      SLOW  |         3.744(R)|      FAST  |CLK_BUFGP         |   0.000|
               |        10.725(F)|      SLOW  |         4.350(F)|      FAST  |CLK_BUFGP         |   0.000|
RegFileOut2<18>|        10.372(R)|      SLOW  |         3.976(R)|      FAST  |CLK_BUFGP         |   0.000|
               |        10.881(F)|      SLOW  |         4.282(F)|      FAST  |CLK_BUFGP         |   0.000|
RegFileOut2<19>|        10.776(R)|      SLOW  |         4.054(R)|      FAST  |CLK_BUFGP         |   0.000|
               |        11.215(F)|      SLOW  |         4.693(F)|      FAST  |CLK_BUFGP         |   0.000|
RegFileOut2<20>|        10.248(R)|      SLOW  |         3.885(R)|      FAST  |CLK_BUFGP         |   0.000|
               |        11.004(F)|      SLOW  |         4.463(F)|      FAST  |CLK_BUFGP         |   0.000|
RegFileOut2<21>|        10.389(R)|      SLOW  |         3.964(R)|      FAST  |CLK_BUFGP         |   0.000|
               |        10.952(F)|      SLOW  |         4.503(F)|      FAST  |CLK_BUFGP         |   0.000|
RegFileOut2<22>|        10.504(R)|      SLOW  |         4.053(R)|      FAST  |CLK_BUFGP         |   0.000|
               |        10.871(F)|      SLOW  |         4.518(F)|      FAST  |CLK_BUFGP         |   0.000|
RegFileOut2<23>|        10.366(R)|      SLOW  |         3.974(R)|      FAST  |CLK_BUFGP         |   0.000|
               |        11.032(F)|      SLOW  |         4.535(F)|      FAST  |CLK_BUFGP         |   0.000|
RegFileOut2<24>|        10.147(R)|      SLOW  |         3.913(R)|      FAST  |CLK_BUFGP         |   0.000|
               |        10.983(F)|      SLOW  |         4.384(F)|      FAST  |CLK_BUFGP         |   0.000|
RegFileOut2<25>|        10.416(R)|      SLOW  |         3.917(R)|      FAST  |CLK_BUFGP         |   0.000|
               |        10.756(F)|      SLOW  |         4.389(F)|      FAST  |CLK_BUFGP         |   0.000|
RegFileOut2<26>|        11.103(R)|      SLOW  |         4.349(R)|      FAST  |CLK_BUFGP         |   0.000|
               |        11.371(F)|      SLOW  |         4.746(F)|      FAST  |CLK_BUFGP         |   0.000|
RegFileOut2<27>|        10.164(R)|      SLOW  |         3.923(R)|      FAST  |CLK_BUFGP         |   0.000|
               |        10.285(F)|      SLOW  |         4.224(F)|      FAST  |CLK_BUFGP         |   0.000|
RegFileOut2<28>|        10.279(R)|      SLOW  |         3.946(R)|      FAST  |CLK_BUFGP         |   0.000|
               |        10.711(F)|      SLOW  |         4.364(F)|      FAST  |CLK_BUFGP         |   0.000|
RegFileOut2<29>|        10.360(R)|      SLOW  |         3.810(R)|      FAST  |CLK_BUFGP         |   0.000|
               |        10.237(F)|      SLOW  |         4.064(F)|      FAST  |CLK_BUFGP         |   0.000|
RegFileOut2<30>|        10.015(R)|      SLOW  |         3.791(R)|      FAST  |CLK_BUFGP         |   0.000|
               |        10.697(F)|      SLOW  |         4.299(F)|      FAST  |CLK_BUFGP         |   0.000|
RegFileOut2<31>|        11.129(R)|      SLOW  |         4.314(R)|      FAST  |CLK_BUFGP         |   0.000|
               |        10.689(F)|      SLOW  |         4.431(F)|      FAST  |CLK_BUFGP         |   0.000|
---------------+-----------------+------------+-----------------+------------+------------------+--------+

Clock to Setup on destination clock CLK
---------------+---------+---------+---------+---------+
               | Src:Rise| Src:Fall| Src:Rise| Src:Fall|
Source Clock   |Dest:Rise|Dest:Rise|Dest:Fall|Dest:Fall|
---------------+---------+---------+---------+---------+
CLK            |    9.413|    8.591|    2.574|         |
---------------+---------+---------+---------+---------+


Analysis completed Tue Apr 19 21:52:58 2016 
--------------------------------------------------------------------------------

Trace Settings:
-------------------------
Trace Settings 

Peak Memory Usage: 654 MB



